<?xml version="1.0" encoding="UTF-8"?>
<testng-results skipped="0" failed="0" ignored="0" total="1" passed="1">
  <reporter-output>
  </reporter-output>
  <suite name="Default suite" duration-ms="24947" started-at="2021-05-06T07:27:43 IST" finished-at="2021-05-06T07:28:08 IST">
    <groups>
    </groups>
    <test name="Default test" duration-ms="24947" started-at="2021-05-06T07:27:43 IST" finished-at="2021-05-06T07:28:08 IST">
      <class name="vtigertest.SearchLeadBYClickingOnAssigned_Test">
        <test-method status="PASS" signature="configBS()[pri:0, instance:vtigertest.SearchLeadBYClickingOnAssigned_Test@3234e239]" name="configBS" is-config="true" duration-ms="21" started-at="2021-05-06T07:27:43 IST" finished-at="2021-05-06T07:27:43 IST">
          <reporter-output>
          </reporter-output>
        </test-method> <!-- configBS -->
        <test-method status="PASS" signature="configBT()[pri:0, instance:vtigertest.SearchLeadBYClickingOnAssigned_Test@3234e239]" name="configBT" is-config="true" duration-ms="1" started-at="2021-05-06T07:27:43 IST" finished-at="2021-05-06T07:27:43 IST">
          <reporter-output>
          </reporter-output>
        </test-method> <!-- configBT -->
        <test-method status="PASS" signature="configBC()[pri:0, instance:vtigertest.SearchLeadBYClickingOnAssigned_Test@3234e239]" name="configBC" is-config="true" duration-ms="3122" started-at="2021-05-06T07:27:43 IST" finished-at="2021-05-06T07:27:46 IST">
          <reporter-output>
          </reporter-output>
        </test-method> <!-- configBC -->
        <test-method status="PASS" signature="setUp()[pri:0, instance:vtigertest.SearchLeadBYClickingOnAssigned_Test@3234e239]" name="setUp" is-config="true" duration-ms="7115" started-at="2021-05-06T07:27:46 IST" finished-at="2021-05-06T07:27:53 IST">
          <reporter-output>
          </reporter-output>
        </test-method> <!-- setUp -->
        <test-method status="PASS" signature="creatLead()[pri:0, instance:vtigertest.SearchLeadBYClickingOnAssigned_Test@3234e239]" name="creatLead" duration-ms="12108" started-at="2021-05-06T07:27:53 IST" finished-at="2021-05-06T07:28:05 IST">
          <reporter-output>
          </reporter-output>
        </test-method> <!-- creatLead -->
        <test-method status="PASS" signature="configAM()[pri:0, instance:vtigertest.SearchLeadBYClickingOnAssigned_Test@3234e239]" name="configAM" is-config="true" duration-ms="1916" started-at="2021-05-06T07:28:05 IST" finished-at="2021-05-06T07:28:07 IST">
          <reporter-output>
          </reporter-output>
        </test-method> <!-- configAM -->
        <test-method status="PASS" signature="configAC()[pri:0, instance:vtigertest.SearchLeadBYClickingOnAssigned_Test@3234e239]" name="configAC" is-config="true" duration-ms="634" started-at="2021-05-06T07:28:07 IST" finished-at="2021-05-06T07:28:08 IST">
          <reporter-output>
          </reporter-output>
        </test-method> <!-- configAC -->
        <test-method status="PASS" signature="configAT()[pri:0, instance:vtigertest.SearchLeadBYClickingOnAssigned_Test@3234e239]" name="configAT" is-config="true" duration-ms="0" started-at="2021-05-06T07:28:08 IST" finished-at="2021-05-06T07:28:08 IST">
          <reporter-output>
          </reporter-output>
        </test-method> <!-- configAT -->
        <test-method status="PASS" signature="configAS()[pri:0, instance:vtigertest.SearchLeadBYClickingOnAssigned_Test@3234e239]" name="configAS" is-config="true" duration-ms="1" started-at="2021-05-06T07:28:08 IST" finished-at="2021-05-06T07:28:08 IST">
          <reporter-output>
          </reporter-output>
        </test-method> <!-- configAS -->
      </class> <!-- vtigertest.SearchLeadBYClickingOnAssigned_Test -->
    </test> <!-- Default test -->
  </suite> <!-- Default suite -->
</testng-results>
