<?xml version="1.0" encoding="UTF-8"?>
<!-- Generated by org.testng.reporters.JUnitXMLReporter -->
<testsuite hostname="PIYUSH-PC" ignored="6" name="Test" tests="2" failures="0" timestamp="2021-05-04T12:28:23 IST" time="45.841" errors="0">
  <testcase name="createcontact" time="9.059" classname="com.comcast.crm.contacttest.CreateContactWithOrganizationTest"/>
  <testcase name="createOrganization" time="11.499" classname="com.comcast.crm.organizationtest.CreateOrganizationTest"/>
  <testcase name="createIndustry" time="0.0" classname="com.comcast.crm.organizationtest.CreateOrganizationTest">
    <ignored/>
  </testcase> <!-- createIndustry -->
  <testcase name="@AfterTest configAT" time="0.0" classname="vtiger.GenericUtils.BaseClass">
    <ignored/>
  </testcase> <!-- @AfterTest configAT -->
  <testcase name="@BeforeSuite configBS" time="0.0" classname="vtiger.GenericUtils.BaseClass">
    <ignored/>
  </testcase> <!-- @BeforeSuite configBS -->
  <testcase name="@BeforeTest configBT" time="0.0" classname="vtiger.GenericUtils.BaseClass">
    <ignored/>
  </testcase> <!-- @BeforeTest configBT -->
  <testcase name="contactwithorganization" time="0.0" classname="com.comcast.crm.contacttest.CreateContactWithOrganizationTest">
    <ignored/>
  </testcase> <!-- contactwithorganization -->
  <testcase name="@AfterSuite configAS" time="0.0" classname="vtiger.GenericUtils.BaseClass">
    <ignored/>
  </testcase> <!-- @AfterSuite configAS -->
</testsuite> <!-- Test -->
